This is pdfTeX, Version 3.14159265-2.6-1.40.18 (TeX Live 2017) (preloaded format=latex 2017.9.7)  26 JAN 2018 18:04
entering extended mode
 restricted \write18 enabled.
 %&-line parsing enabled.
**elsarticle.dtx
(./elsarticle.dtx
LaTeX2e <2017-04-15>
Babel <3.10> and hyphenation patterns for 84 language(s) loaded.
(/usr/local/texlive/2017/texmf-dist/tex/latex/base/ltxdoc.cls
Document Class: ltxdoc 2017/03/13 v2.0v Standard LaTeX documentation class
(/usr/local/texlive/2017/texmf-dist/tex/latex/base/article.cls
Document Class: article 2014/09/29 v1.4h Standard LaTeX document class
(/usr/local/texlive/2017/texmf-dist/tex/latex/base/size10.clo
File: size10.clo 2014/09/29 v1.4h Standard LaTeX file (size option)
)
\c@part=\count79
\c@section=\count80
\c@subsection=\count81
\c@subsubsection=\count82
\c@paragraph=\count83
\c@subparagraph=\count84
\c@figure=\count85
\c@table=\count86
\abovecaptionskip=\skip41
\belowcaptionskip=\skip42
\bibindent=\dimen102
)
(/usr/local/texlive/2017/texmf-dist/tex/latex/base/doc.sty
Package: doc 2016/02/15 v2.1g Standard LaTeX documentation package (FMi)
\c@StandardModuleDepth=\count87
\guard@level=\count88
\MacrocodeTopsep=\skip43
\MacroIndent=\dimen103
\macro@cnt=\count89
\MacroTopsep=\skip44
\index@excludelist=\toks14

(/usr/local/texlive/2017/texmf-dist/tex/latex/tools/multicol.sty
Package: multicol 2017/04/11 v1.8q multicolumn formatting (FMi)
\c@tracingmulticols=\count90
\mult@box=\box26
\multicol@leftmargin=\dimen104
\c@unbalance=\count91
\c@collectmore=\count92
\doublecol@number=\count93
\multicoltolerance=\count94
\multicolpretolerance=\count95
\full@width=\dimen105
\page@free=\dimen106
\premulticols=\dimen107
\postmulticols=\dimen108
\multicolsep=\skip45
\multicolbaselineskip=\skip46
\partial@page=\box27
\last@line=\box28
\maxbalancingoverflow=\dimen109
\mult@rightbox=\box29
\mult@grightbox=\box30
\mult@gfirstbox=\box31
\mult@firstbox=\box32
\@tempa=\box33
\@tempa=\box34
\@tempa=\box35
\@tempa=\box36
\@tempa=\box37
\@tempa=\box38
\@tempa=\box39
\@tempa=\box40
\@tempa=\box41
\@tempa=\box42
\@tempa=\box43
\@tempa=\box44
\@tempa=\box45
\@tempa=\box46
\@tempa=\box47
\@tempa=\box48
\@tempa=\box49
\c@columnbadness=\count96
\c@finalcolumnbadness=\count97
\last@try=\dimen110
\multicolovershoot=\dimen111
\multicolundershoot=\dimen112
\mult@nat@firstbox=\box50
\colbreak@box=\box51
\mc@col@check@num=\count98
)
\IndexMin=\dimen113
\c@IndexColumns=\count99
\GlossaryMin=\dimen114
\c@GlossaryColumns=\count100
\check@sum=\count101
\bslash@cnt=\count102
\wrong@table=\toks15
\c@CodelineNo=\count103
))
\@indexfile=\write3
\openout3 = `elsarticle.idx'.


Writing index file elsarticle.idx
\@glossaryfile=\write4
\openout4 = `elsarticle.glo'.

Writing glossary file elsarticle.glo 
(/usr/local/texlive/2017/texmf-dist/tex/latex/comment/comment.sty
\CommentStream=\write5

Excluding comment 'comment')
No file elsarticle.aux.
\openout1 = `elsarticle.aux'.

LaTeX Font Info:    Checking defaults for OML/cmm/m/it on input line 26.
LaTeX Font Info:    ... okay on input line 26.
LaTeX Font Info:    Checking defaults for T1/cmr/m/n on input line 26.
LaTeX Font Info:    ... okay on input line 26.
LaTeX Font Info:    Checking defaults for OT1/cmr/m/n on input line 26.
LaTeX Font Info:    ... okay on input line 26.
LaTeX Font Info:    Checking defaults for OMS/cmsy/m/n on input line 26.
LaTeX Font Info:    ... okay on input line 26.
LaTeX Font Info:    Checking defaults for OMX/cmex/m/n on input line 26.
LaTeX Font Info:    ... okay on input line 26.
LaTeX Font Info:    Checking defaults for U/cmr/m/n on input line 26.
LaTeX Font Info:    ... okay on input line 26.
Package doc Info: Made | a short reference for \verb on input line 26.
(./elsarticle.dtx
***************************
* Character table correct *
***************************
LaTeX Font Info:    External font `cmex10' loaded for size
(Font)              <12> on input line 67.
LaTeX Font Info:    External font `cmex10' loaded for size
(Font)              <8> on input line 67.
LaTeX Font Info:    External font `cmex10' loaded for size
(Font)              <6> on input line 67.
LaTeX Font Info:    External font `cmex10' loaded for size
(Font)              <9> on input line 133.
LaTeX Font Info:    External font `cmex10' loaded for size
(Font)              <5> on input line 133.
[1

]
Overfull \hbox (0.5877pt too wide) in paragraph at lines 503--503
 [][]   \OT1/cmtt/m/n/9 \def\thefootnote{\ifcase\c@tnote\or\ding{73}\or\ding{73
}\ding{73}\fi}% 
 []

[2] [3]
Overfull \hbox (0.5877pt too wide) in paragraph at lines 503--503
 [][]       \OT1/cmtt/m/n/9 \edef\affnum{\@ifundefined{X@\@@affmark}{1}{\elsRef
{\@@affmark}}}% 
 []

[4] [5] [6] [7] [8] [9] [10]
Overfull \hbox (19.48749pt too wide) in paragraph at lines 626--626
 [][]\OT1/cmtt/m/n/9 \def\@enfont{\ifnum \@enumdepth >1\let\@nxt\sfn \else\let\
@nxt\sfbc \fi\@nxt} 
 []

[11] [12] [13] [14] [15]
*******************
* Checksum passed *
*******************
)
No file elsarticle.gls.
No file elsarticle.ind.
[16] (./elsarticle.aux) ) 
Here is how much of TeX's memory you used:
 646 strings out of 492996
 8211 string characters out of 6132731
 73096 words of memory out of 5000000
 4249 multiletter control sequences out of 15000+600000
 9878 words of font info for 35 fonts, out of 8000000 for 9000
 1141 hyphenation exceptions out of 8191
 30i,6n,21p,229b,316s stack positions out of 5000i,500n,10000p,200000b,80000s

Output written on elsarticle.dvi (16 pages, 37604 bytes).
